[2014-11-08 13:52:52] START
[2014-11-08 13:53:22] EDIT coin/views/default/index.html: -9
[2014-11-08 13:54:13] CREATE coin.js.py: 0
[2014-11-08 13:54:54] EDIT coin/models/coin.js.py: 19
[2014-11-08 13:55:11] CREATE coin.js: 0
[2014-11-08 13:55:15] EDIT coin/views/coin.js: 19
[2014-11-08 13:57:41] EDIT coin/views/default/index.html: 0
[2014-11-08 14:01:10] EDIT coin/views/default/index.html: 0
[2014-11-08 14:02:12] EDIT coin/views/default/index.html: 0
[2014-11-08 14:02:36] CREATE default/coin.js: 0
[2014-11-08 14:02:40] EDIT coin/views/default/coin.js: 19
[2014-11-08 14:03:22] EDIT coin/views/default/coin.js: 1
[2014-11-08 14:08:11] EDIT coin/views/default/coin.js: 0
[2014-11-08 14:08:39] EDIT coin/views/default/coin.js: 0
[2014-11-08 14:09:46] EDIT coin/views/default/coin.js: -1
[2014-11-08 14:10:09] EDIT coin/views/default/index.html: 0
[2014-11-08 14:11:09] EDIT coin/views/default/index.html: 0
[2014-11-08 14:14:42] CREATE js/coin.js: 0
[2014-11-08 14:14:50] EDIT coin/static/js/coin.js: 19
[2014-11-08 14:15:30] EDIT coin/views/default/index.html: 1
[2014-11-08 14:15:46] EDIT coin/static/js/coin.js: 0
[2014-11-08 14:15:50] EDIT coin/views/default/index.html: 0
[2014-11-08 14:17:55] EDIT coin/views/default/index.html: 0
[2014-11-08 14:18:12] EDIT coin/views/default/index.html: 0
[2014-11-08 14:18:33] EDIT coin/views/default/index.html: 0
[2014-11-08 14:25:14] EDIT coin/views/default/index.html: 0
[2014-11-08 14:27:39] EDIT coin/views/default/index.html: 4
[2014-11-08 14:28:05] EDIT coin/views/default/index.html: 1
[2014-11-08 14:28:56] EDIT coin/views/default/index.html: -1
[2014-11-08 14:29:18] EDIT coin/views/default/index.html: -4
[2014-11-08 14:35:16] EDIT coin/views/default/index.html: 1
[2014-11-08 14:36:18] EDIT coin/views/default/index.html: 0
[2014-11-08 14:36:45] EDIT coin/views/default/index.html: 0
[2014-11-08 14:37:49] EDIT coin/views/default/index.html: 0
[2014-11-08 14:39:09] EDIT coin/views/default/index.html: -1
[2014-11-08 14:39:40] EDIT coin/views/default/index.html: 0
[2014-11-08 14:42:22] EDIT coin/views/default/index.html: 0
[2014-11-12 19:31:14] EDIT coin/views/default/index.html: 1
[2014-11-12 19:31:53] EDIT coin/views/default/index.html: 0
[2014-11-12 19:31:59] EDIT coin/views/default/index.html: -1
[2014-11-12 19:32:40] EDIT coin/views/default/index.html: 0
[2014-11-14 14:04:27] EDIT coin/views/default/index.html: 5
[2014-11-14 14:05:12] EDIT coin/views/default/index.html: 1
[2014-11-14 14:05:14] EDIT coin/views/default/index.html: 0
[2014-11-14 14:05:50] EDIT coin/views/default/index.html: 0
[2014-11-14 14:06:10] EDIT coin/views/default/index.html: 0
[2014-11-14 14:06:41] EDIT coin/views/default/index.html: 0
[2014-11-14 14:06:51] EDIT coin/views/default/index.html: 0
[2014-11-14 14:06:57] EDIT coin/views/default/index.html: 0
[2014-11-14 14:07:13] EDIT coin/views/default/index.html: 0
[2014-11-14 14:07:29] EDIT coin/views/default/index.html: 1
[2014-11-14 14:08:11] EDIT coin/views/default/index.html: 0
[2014-11-14 14:08:31] EDIT coin/views/default/index.html: 0
[2014-11-14 14:08:43] EDIT coin/views/default/index.html: 0
[2014-11-14 14:08:53] EDIT coin/views/default/index.html: 1
[2014-11-14 14:09:19] EDIT coin/views/default/index.html: 0
[2014-11-14 14:09:31] EDIT coin/views/default/index.html: 0
[2014-11-14 14:09:40] EDIT coin/views/default/index.html: 0
[2014-11-14 14:09:52] EDIT coin/views/default/index.html: 0
[2014-11-14 14:11:06] EDIT coin/views/default/index.html: 5
[2014-11-14 14:11:33] EDIT coin/views/default/index.html: 2
[2014-11-14 14:11:47] EDIT coin/views/default/index.html: 0
[2014-11-14 14:14:21] EDIT coin/static/js/coin.js: 1
[2014-11-14 14:14:36] EDIT coin/static/js/coin.js: 0
[2014-11-14 14:16:06] EDIT coin/views/default/index.html: 0
[2014-11-14 14:16:21] EDIT coin/views/default/index.html: 0
[2014-11-14 14:17:02] EDIT coin/views/default/index.html: 0
[2014-11-14 14:17:14] EDIT coin/views/default/index.html: 0
[2014-11-14 14:18:24] EDIT coin/views/default/index.html: 2
[2014-11-14 14:18:37] EDIT coin/views/default/index.html: 0
[2014-11-14 14:18:46] EDIT coin/views/default/index.html: 0
[2014-11-14 14:18:56] EDIT coin/views/default/index.html: 0
[2014-11-14 14:19:06] EDIT coin/views/default/index.html: 0
[2014-11-14 14:19:21] EDIT coin/views/default/index.html: 0
[2014-11-14 14:19:33] EDIT coin/views/default/index.html: 0
[2014-11-14 14:19:39] EDIT coin/views/default/index.html: 0
[2014-11-14 14:19:49] EDIT coin/views/default/index.html: 0
[2014-11-14 14:19:57] EDIT coin/views/default/index.html: 0
[2014-11-14 14:20:04] EDIT coin/views/default/index.html: 0
[2014-11-14 14:20:16] EDIT coin/views/default/index.html: 0
[2014-11-14 14:20:30] EDIT coin/views/default/index.html: 0
[2014-11-14 14:20:37] EDIT coin/views/default/index.html: 0
[2014-11-14 14:20:44] EDIT coin/views/default/index.html: 0
[2014-11-14 14:20:53] EDIT coin/views/default/index.html: 0
[2014-11-14 14:21:32] EDIT coin/static/js/coin.js: 1
[2014-11-14 14:21:41] EDIT coin/static/js/coin.js: 0
[2014-11-14 14:22:15] EDIT coin/views/default/index.html: 0
[2014-11-14 14:24:32] EDIT coin/views/default/index.html: 1
[2014-11-14 14:26:40] EDIT coin/views/default/index.html: 7
[2014-11-14 14:27:12] EDIT coin/views/default/index.html: 0
[2014-11-14 14:27:56] EDIT coin/views/default/index.html: 0
[2014-11-14 14:28:20] EDIT coin/views/default/index.html: 0
[2014-11-14 14:29:02] EDIT coin/views/default/index.html: -1
[2014-11-14 14:29:22] EDIT coin/views/default/index.html: 0
[2014-11-14 14:29:30] EDIT coin/views/default/index.html: -1
[2014-11-14 14:29:42] EDIT coin/views/default/index.html: 0
[2014-11-14 14:30:00] EDIT coin/views/default/index.html: 1
[2014-11-14 14:30:28] EDIT coin/views/default/index.html: -1
[2014-11-14 14:30:47] EDIT coin/views/default/index.html: 1
[2014-11-14 14:31:12] EDIT coin/views/default/index.html: -1
[2014-11-14 14:31:34] EDIT coin/views/default/index.html: -1
[2014-11-14 14:31:38] EDIT coin/views/default/index.html: -2
[2014-11-14 14:32:55] EDIT coin/views/default/index.html: 1
[2014-11-14 14:33:19] EDIT coin/views/default/index.html: 0
[2014-11-14 14:33:44] EDIT coin/views/default/index.html: -1
[2014-11-14 14:34:40] EDIT coin/views/default/index.html: 0
[2014-11-14 14:34:53] EDIT coin/views/default/index.html: 0
[2014-11-14 14:35:00] EDIT coin/views/default/index.html: 0
[2014-11-14 14:35:25] EDIT coin/views/default/index.html: 0
[2014-11-14 14:35:29] EDIT coin/views/default/index.html: 0
[2014-11-14 14:35:50] EDIT coin/views/default/index.html: 0
[2014-11-14 14:38:54] EDIT coin/views/default/index.html: 1
[2014-11-14 14:39:05] EDIT coin/views/default/index.html: 0
[2014-11-14 14:39:13] EDIT coin/views/default/index.html: 0
[2014-11-14 14:39:18] EDIT coin/views/default/index.html: 0
[2014-11-14 14:40:12] EDIT coin/views/default/index.html: -2
[2014-11-14 14:40:49] EDIT coin/views/default/index.html: 0
[2014-11-14 14:40:55] EDIT coin/views/default/index.html: 0
[2014-11-14 14:41:03] EDIT coin/views/default/index.html: 0
[2014-11-14 14:41:12] EDIT coin/views/default/index.html: 0
[2014-11-14 14:41:20] EDIT coin/views/default/index.html: 0
[2014-11-14 14:41:47] EDIT coin/views/default/index.html: 0
[2014-11-14 14:45:17] EDIT coin/views/default/index.html: 0
[2014-11-14 14:47:26] EDIT coin/views/default/index.html: 1
[2014-11-14 14:48:09] EDIT coin/views/default/index.html: 4
[2014-11-14 14:48:38] EDIT coin/views/default/index.html: 0
[2014-11-14 14:50:56] EDIT coin/static/js/coin.js: 8
[2014-11-14 14:51:23] EDIT coin/static/js/coin.js: 0
[2014-11-14 14:51:47] EDIT coin/views/default/index.html: -4
[2014-11-14 14:52:37] EDIT coin/views/default/index.html: 0
[2014-11-14 14:53:10] EDIT coin/static/js/coin.js: -1
[2014-11-14 14:53:27] EDIT coin/static/js/coin.js: 0
[2014-11-14 14:53:56] EDIT coin/static/js/coin.js: -6
[2014-11-14 14:53:59] EDIT coin/static/js/coin.js: 0
[2014-11-14 14:54:21] EDIT coin/static/js/coin.js: 0
[2014-11-14 14:54:58] EDIT coin/static/js/coin.js: 19
[2014-11-14 14:55:13] EDIT coin/static/js/coin.js: 0
[2014-11-14 14:56:36] EDIT coin/views/default/index.html: 2
[2014-11-14 14:56:52] EDIT coin/views/default/index.html: 5
[2014-11-14 14:57:40] EDIT coin/views/default/index.html: 3
[2014-11-14 14:57:54] EDIT coin/views/default/index.html: -1
[2014-11-14 14:58:07] EDIT coin/views/default/index.html: 1
[2014-11-14 14:58:46] EDIT coin/static/js/coin.js: 0
[2014-11-14 14:58:56] EDIT coin/views/default/index.html: -1
[2014-11-14 14:59:29] EDIT coin/views/default/index.html: 1
[2014-11-14 14:59:30] EDIT coin/views/default/index.html: 0
[2014-11-14 14:59:48] EDIT coin/static/js/coin.js: 0
[2014-11-14 15:00:39] EDIT coin/views/default/index.html: 0
[2014-11-14 15:01:47] EDIT coin/static/js/coin.js: 1
[2014-11-14 15:01:47] EDIT coin/static/js/coin.js: 0
[2014-11-14 15:01:48] EDIT coin/static/js/coin.js: 0
[2014-11-14 15:02:25] EDIT coin/static/js/coin.js: -9
[2014-11-14 15:02:56] EDIT coin/static/js/coin.js: 9
[2014-11-14 15:03:05] EDIT coin/static/js/coin.js: 0
[2014-11-14 15:03:17] EDIT coin/views/default/index.html: -1
[2014-11-14 15:03:58] EDIT coin/static/js/coin.js: -19
[2014-11-14 15:04:07] EDIT coin/static/js/coin.js: 0
[2014-11-14 15:04:15] EDIT coin/static/js/coin.js: 0
[2014-11-14 15:04:22] EDIT coin/static/js/coin.js: 0
[2014-11-15 10:56:01] EDIT coin/views/default/index.html: 1
[2014-11-15 10:57:35] EDIT coin/views/default/index.html: 0
[2014-11-15 10:58:06] EDIT coin/views/default/index.html: 8
[2014-11-15 10:58:54] EDIT coin/views/default/index.html: -8
[2014-11-15 10:59:07] EDIT coin/views/default/index.html: 0
[2014-11-15 11:02:13] EDIT coin/views/default/index.html: 7
[2014-11-15 11:03:52] EDIT coin/views/default/index.html: 3
[2014-11-15 11:04:29] EDIT coin/views/default/index.html: 2
[2014-11-15 11:04:54] EDIT coin/views/default/index.html: 0
[2014-11-15 11:05:35] EDIT coin/views/default/index.html: 0
[2014-11-15 11:07:56] EDIT coin/views/default/index.html: 0
[2014-11-15 11:08:30] EDIT coin/static/js/coin.js: 0
[2014-11-15 11:09:51] EDIT coin/views/default/index.html: 0
[2014-11-15 17:02:09] EDIT coin/views/default/index.html: 0
[2014-11-15 17:04:50] EDIT coin/views/default/index.html: 0
[2014-11-16 14:05:50] EDIT coin/static/js/coin.js: 0
[2014-11-16 14:06:06] EDIT coin/static/js/coin.js: 0
[2014-11-16 14:07:01] EDIT coin/static/js/coin.js: 0
[2014-11-16 14:43:54] EDIT coin/static/js/coin.js: 0
[2014-11-16 14:44:28] EDIT coin/views/default/index.html: -2
[2014-11-16 14:44:46] EDIT coin/static/js/coin.js: 0
[2014-11-16 14:44:50] EDIT coin/static/js/coin.js: 0
[2014-11-16 14:45:26] EDIT coin/views/default/index.html: -2
[2014-11-16 14:45:36] EDIT coin/views/default/index.html: 0
[2014-11-16 14:45:46] EDIT coin/static/js/coin.js: 0
[2014-11-16 14:46:13] EDIT coin/static/js/coin.js: 0
[2014-11-16 14:47:16] EDIT coin/static/js/coin.js: 0
[2014-11-16 14:47:52] EDIT coin/static/js/coin.js: 0
[2014-11-16 14:48:05] EDIT coin/static/js/coin.js: 0
[2014-11-16 14:50:00] EDIT coin/static/js/coin.js: 0
[2014-11-16 14:50:55] EDIT coin/static/js/coin.js: 0
[2014-11-16 14:51:39] EDIT coin/static/js/coin.js: 0
[2014-11-16 14:52:06] EDIT coin/static/js/coin.js: 0
[2014-11-16 14:55:49] EDIT coin/views/default/index.html: 0
[2014-11-16 14:56:30] EDIT coin/views/default/index.html: 0
[2014-11-16 14:57:29] EDIT coin/views/default/index.html: 0
[2014-11-16 14:57:48] EDIT coin/views/default/index.html: 0
[2014-11-16 14:59:02] EDIT coin/views/default/index.html: 2
[2014-11-16 14:59:22] EDIT coin/views/default/index.html: 1
[2014-11-16 14:59:47] EDIT coin/views/default/index.html: 0
[2014-11-16 14:59:54] EDIT coin/views/default/index.html: 0
[2014-11-16 14:59:56] EDIT coin/views/default/index.html: 0
[2014-11-16 15:00:10] EDIT coin/views/default/index.html: 0
[2014-11-16 15:00:37] EDIT coin/views/default/index.html: 0
[2014-11-16 15:00:44] EDIT coin/views/default/index.html: 0
[2014-11-16 15:00:53] EDIT coin/views/default/index.html: 0
[2014-11-16 15:01:07] EDIT coin/views/default/index.html: 0
[2014-11-16 15:01:19] EDIT coin/views/default/index.html: 0
[2014-11-16 15:01:28] EDIT coin/views/default/index.html: 0
[2014-11-16 15:02:55] EDIT coin/views/default/index.html: 0
[2014-11-16 15:03:11] EDIT coin/views/default/index.html: 0
[2014-11-16 15:03:18] EDIT coin/views/default/index.html: 0
[2014-11-16 15:03:42] EDIT coin/views/default/index.html: 0
[2014-11-16 15:03:50] EDIT coin/views/default/index.html: 0
[2014-11-16 15:03:58] EDIT coin/views/default/index.html: 0
[2014-11-16 15:08:58] EDIT coin/static/js/coin.js: 1
[2014-11-16 15:11:02] EDIT coin/static/js/coin.js: 4
[2014-11-16 15:11:12] EDIT coin/static/js/coin.js: 0
[2014-11-16 15:11:30] EDIT coin/views/default/index.html: 0
[2014-11-16 15:11:36] EDIT coin/static/js/coin.js: 0
[2014-11-16 15:11:52] EDIT coin/views/default/index.html: 0
[2014-11-16 15:12:04] EDIT coin/views/default/index.html: 0
[2014-11-16 15:12:11] EDIT coin/views/default/index.html: 0
[2014-11-16 15:12:20] EDIT coin/views/default/index.html: 0
[2014-11-16 15:12:25] EDIT coin/views/default/index.html: 0
[2014-11-16 15:12:49] EDIT coin/views/default/index.html: 0
[2014-11-16 15:20:33] EDIT coin/static/js/coin.js: 16
[2014-11-16 15:21:51] EDIT coin/static/js/coin.js: -3
[2014-11-16 15:22:12] EDIT coin/static/js/coin.js: 0
[2014-11-16 15:23:07] EDIT coin/static/js/coin.js: 0
[2014-11-16 15:23:37] EDIT coin/static/js/coin.js: 0
[2014-11-16 15:24:36] EDIT coin/static/js/coin.js: 1
[2014-11-16 15:24:47] EDIT coin/static/js/coin.js: 0
[2014-11-16 15:25:47] EDIT coin/views/default/index.html: 0
[2014-11-16 15:27:26] EDIT coin/static/js/coin.js: 0
[2014-11-16 15:28:43] EDIT coin/static/js/coin.js: 0
[2014-11-16 15:29:05] EDIT coin/static/js/coin.js: 0
[2014-11-16 15:33:49] EDIT coin/static/js/coin.js: 0
[2014-11-16 15:36:02] EDIT coin/static/js/coin.js: 0
[2014-11-16 15:46:12] EDIT coin/static/js/coin.js: 3
[2014-11-16 15:46:47] EDIT coin/static/js/coin.js: 0
[2014-11-16 15:47:09] EDIT coin/static/js/coin.js: 0
[2014-11-16 15:47:51] EDIT coin/static/js/coin.js: 0
[2014-11-16 15:48:22] EDIT coin/static/js/coin.js: 1
[2014-11-16 15:48:24] EDIT coin/static/js/coin.js: 0
[2014-11-16 15:48:43] EDIT coin/static/js/coin.js: 1
[2014-11-16 15:48:55] EDIT coin/static/js/coin.js: 0
[2014-11-16 18:42:38] EDIT coin/views/default/index.html: 0
[2014-11-16 18:43:05] EDIT coin/views/default/index.html: 0
[2014-11-16 18:45:45] CREATE settings.py: 0
[2014-11-16 18:46:36] EDIT coin/views/default/index.html: 0
[2014-11-16 18:47:50] CREATE default/settings.html: 0
[2014-11-16 18:48:02] EDIT coin/views/default/index.html: 0
[2014-11-16 18:48:36] EDIT coin/views/default/index.html: 0
[2014-11-16 18:49:50] EDIT coin/views/default/index.html: 0
[2014-11-16 18:50:33] EDIT coin/views/default/index.html: 0
[2014-11-16 18:51:19] EDIT coin/views/default/settings.html: -2
[2014-11-16 18:52:13] EDIT coin/controllers/settings.py: 0
[2014-11-16 18:53:34] CREATE default/settings.py: 0
[2014-11-16 18:53:37] EDIT coin/controllers/default/settings.py: 0
[2014-11-16 18:55:47] EDIT coin/views/default/settings.html: 0
[2014-11-16 18:56:55] EDIT coin/controllers/default/settings.py: -1
[2014-11-16 18:58:14] EDIT coin/controllers/settings.py: -1
[2014-11-16 18:59:14] EDIT coin/views/default/settings.html: 0
[2014-11-16 19:04:09] EDIT coin/controllers/default.py: -51
[2014-11-16 19:04:38] EDIT coin/controllers/default.py: 2
[2014-11-20 14:02:28] EDIT coin/static/js/coin.js: 0
[2014-11-20 14:04:34] EDIT coin/static/js/coin.js: 0
[2014-11-20 14:07:57] EDIT coin/static/js/coin.js: 0
[2014-11-20 14:09:11] EDIT coin/views/default/index.html: 0
[2014-11-20 14:09:48] EDIT coin/views/default/index.html: 0
[2014-11-20 14:09:56] EDIT coin/views/default/index.html: 0
[2014-11-20 14:12:23] EDIT coin/static/js/coin.js: 0
[2014-11-20 14:13:33] EDIT coin/static/js/coin.js: 1
